A51 MACRO ASSEMBLER  MAIN                                                                 03/18/2023 20:19:24 PAGE     1


MACRO ASSEMBLER A51 V8.2.7.0
OBJECT MODULE PLACED IN .\Objects\main.obj
ASSEMBLER INVOKED BY: C:\Keil_v5\C51\BIN\A51.EXE main.a51 SET(SMALL) DEBUG PRINT(.\Listings\main.lst) OBJECT(.\Objects\m
                      ain.obj) EP

LOC  OBJ            LINE     SOURCE

  03E8                 1     Stala EQU 1000 ; stala o wartosci 1000 dziesietnie
  0020                 2     DanaL DATA 20h ; odnosnik do adresu pamieci, h - heksadecymalne
  0021                 3     DanaH DATA 21h
  0030                 4     WynikL DATA 30h 
  0031                 5     WynikH DATA 31h 
                       6             
----                   7     CSEG AT 0 
0000 2100              8     JMP start ; Przeskoczenie do funkcji start
                       9     
----                  10     CSEG AT 100h 
0100                  11             start: 
                      12                     ; Case 1
                      13                     ; MOV DanaL,#09h ; pod adres 20h wpisac wartosc 09h
                      14                     ; MOV DanaH,#0Ah ; pod adres 21h wpisac wartosc 0Ah
                      15                     
                      16                     ; Case 2 (Check)
0100 752018           17                     MOV DanaL,#18h ; pod adres 20h wpisac wartosc 18h
0103 752100           18                     MOV DanaH,#00h ; pod adres 21h wpisac wartosc 00h
                      19     
0106 E520             20                     MOV A,DanaL ; Akumulator, DanaL = 20h
0108 24E8             21                     ADD A,#low(Stala) ; Wydzielenie czesci low z wartosci wiekszej niz 255
010A F530             22                     MOV WynikL,A ; Zapisanie wartosci akumulatora do Adresu WynikL
010C E521             23                     MOV A,DanaH 
010E 3403             24                     ADDC A,#high(Stala) 
0110 F531             25                     MOV WynikH,A
                      26     END 
                             
                             ; 0x00 - hex (0x00 - 0xFF)
                             ; 0x00 - 8 bitów
                             ; Rodzina 8051 - rejestry maja 8-bitowe rejestry i akumulatory
                             ; Ograniczenia
A51 MACRO ASSEMBLER  MAIN                                                                 03/18/2023 20:19:24 PAGE     2

SYMBOL TABLE LISTING
------ ----- -------


N A M E             T Y P E  V A L U E   ATTRIBUTES

DANAH. . . . . . .  D ADDR   0021H   A   
DANAL. . . . . . .  D ADDR   0020H   A   
STALA. . . . . . .  N NUMB   03E8H   A   
START. . . . . . .  C ADDR   0100H   A   
WYNIKH . . . . . .  D ADDR   0031H   A   
WYNIKL . . . . . .  D ADDR   0030H   A   


REGISTER BANK(S) USED: 0 


ASSEMBLY COMPLETE.  0 WARNING(S), 0 ERROR(S)
